[Cassette: 'BookFacade/#getbook/creates object'] Initialized with options: {:record=>:once, :record_on_error=>true, :match_requests_on=>[:method, :uri], :allow_unused_http_interactions=>true, :serialize_with=>:yaml, :persist_with=>:file_system, :persister_options=>{}, :re_record_interval=>100 days}
[webmock] Handling request: [get https://openlibrary.org/search.json?limit=5&q=denver] (disabled: false)
  [Cassette: 'BookFacade/#getbook/creates object'] Initialized HTTPInteractionList with request matchers [:method, :uri] and 0 interaction(s): {  }
[webmock] Identified request type (recordable) for [get https://openlibrary.org/search.json?limit=5&q=denver]
[Cassette: 'BookFacade/#getbook/creates object'] Recorded HTTP interaction [get https://openlibrary.org/search.json?limit=5&q=denver] => [200 "{\n    \"start\": 0,\n    \"numFound\": 0,\n    \"docs\": [],\n    \"error\": \"Received None"]
[webmock] Handling request: [get https://www.mapquestapi.com/geocoding/v1/address?content_type=application/json&key=0HHswCilXeUEZdmGPXrjHZAUS1AAqnUN&location=denver] (disabled: false)
[webmock] Identified request type (recordable) for [get https://www.mapquestapi.com/geocoding/v1/address?content_type=application/json&key=0HHswCilXeUEZdmGPXrjHZAUS1AAqnUN&location=denver]
[Cassette: 'BookFacade/#getbook/creates object'] Recorded HTTP interaction [get https://www.mapquestapi.com/geocoding/v1/address?content_type=application/json&key=0HHswCilXeUEZdmGPXrjHZAUS1AAqnUN&location=denver] => [200 "{\"info\":{\"statuscode\":0,\"copyright\":{\"text\":\"\\u00A9 2022 MapQuest, Inc.\",\"imageU"]
[webmock] Handling request: [get https://api.openweathermap.org/data/2.5/onecall?appid=d44448240c4583469eaacc966b2d4e1d&content_type=application/json&exclude=minutely,alerts&lat=39.738453&lon=-104.984853&units=imperial] (disabled: false)
[webmock] Identified request type (recordable) for [get https://api.openweathermap.org/data/2.5/onecall?appid=d44448240c4583469eaacc966b2d4e1d&content_type=application/json&exclude=minutely,alerts&lat=39.738453&lon=-104.984853&units=imperial]
[Cassette: 'BookFacade/#getbook/creates object'] Recorded HTTP interaction [get https://api.openweathermap.org/data/2.5/onecall?appid=d44448240c4583469eaacc966b2d4e1d&content_type=application/json&exclude=minutely,alerts&lat=39.738453&lon=-104.984853&units=imperial] => [200 "{\"lat\":39.7385,\"lon\":-104.9849,\"timezone\":\"America/Denver\",\"timezone_offset\":-21"]
[VCR::Configuration] before_record: replacing "0HHswCilXeUEZdmGPXrjHZAUS1AAqnUN" with "DONT SHOW MY API KEY"
[VCR::Configuration] before_record: replacing "d44448240c4583469eaacc966b2d4e1d" with "hidden key"
[VCR::Configuration] before_record: replacing "0HHswCilXeUEZdmGPXrjHZAUS1AAqnUN" with "DONT SHOW MY API KEY"
[VCR::Configuration] before_record: replacing "d44448240c4583469eaacc966b2d4e1d" with "hidden key"
[VCR::Configuration] before_record: replacing "0HHswCilXeUEZdmGPXrjHZAUS1AAqnUN" with "DONT SHOW MY API KEY"
[VCR::Configuration] before_record: replacing "d44448240c4583469eaacc966b2d4e1d" with "hidden key"
[VCR::Configuration] before_playback: replacing "0HHswCilXeUEZdmGPXrjHZAUS1AAqnUN" with "DONT SHOW MY API KEY"
[VCR::Configuration] before_playback: replacing "d44448240c4583469eaacc966b2d4e1d" with "hidden key"
[Cassette: 'GeocoderFacade/#get_coordinates/creates object with lat and lng'] Not re-recording since the interval has not elapsed (previously recorded at: '2022-09-27 19:36:18 UTC'; now: '2022-09-27 15:20:36 -0500'; interval: 8640000 seconds).
[Cassette: 'GeocoderFacade/#get_coordinates/creates object with lat and lng'] Initialized with options: {:record=>:once, :record_on_error=>true, :match_requests_on=>[:method, :uri], :allow_unused_http_interactions=>true, :serialize_with=>:yaml, :persist_with=>:file_system, :persister_options=>{}, :re_record_interval=>100 days}
[webmock] Handling request: [get https://www.mapquestapi.com/geocoding/v1/address?content_type=application/json&key=0HHswCilXeUEZdmGPXrjHZAUS1AAqnUN&location=Chicago,%20IL] (disabled: false)
  [Cassette: 'GeocoderFacade/#get_coordinates/creates object with lat and lng'] Initialized HTTPInteractionList with request matchers [:method, :uri] and 1 interaction(s): { [get https://www.mapquestapi.com/geocoding/v1/address?content_type=application/json&key=0HHswCilXeUEZdmGPXrjHZAUS1AAqnUN&location=Chicago,%20IL] => [200 "{\"info\":{\"statuscode\":0,\"copyright\":{\"text\":\"\\u00A9 2022 MapQuest, Inc.\",\"imageU"] }
  [Cassette: 'GeocoderFacade/#get_coordinates/creates object with lat and lng'] Checking if [get https://www.mapquestapi.com/geocoding/v1/address?content_type=application/json&key=0HHswCilXeUEZdmGPXrjHZAUS1AAqnUN&location=Chicago,%20IL] matches [get https://www.mapquestapi.com/geocoding/v1/address?content_type=application/json&key=0HHswCilXeUEZdmGPXrjHZAUS1AAqnUN&location=Chicago,%20IL] using [:method, :uri]
    [Cassette: 'GeocoderFacade/#get_coordinates/creates object with lat and lng'] method (matched): current request [get https://www.mapquestapi.com/geocoding/v1/address?content_type=application/json&key=0HHswCilXeUEZdmGPXrjHZAUS1AAqnUN&location=Chicago,%20IL] vs [get https://www.mapquestapi.com/geocoding/v1/address?content_type=application/json&key=0HHswCilXeUEZdmGPXrjHZAUS1AAqnUN&location=Chicago,%20IL]
    [Cassette: 'GeocoderFacade/#get_coordinates/creates object with lat and lng'] uri (matched): current request [get https://www.mapquestapi.com/geocoding/v1/address?content_type=application/json&key=0HHswCilXeUEZdmGPXrjHZAUS1AAqnUN&location=Chicago,%20IL] vs [get https://www.mapquestapi.com/geocoding/v1/address?content_type=application/json&key=0HHswCilXeUEZdmGPXrjHZAUS1AAqnUN&location=Chicago,%20IL]
  [Cassette: 'GeocoderFacade/#get_coordinates/creates object with lat and lng'] Found matching interaction for [get https://www.mapquestapi.com/geocoding/v1/address?content_type=application/json&key=0HHswCilXeUEZdmGPXrjHZAUS1AAqnUN&location=Chicago,%20IL] at index 0: [200 "{\"info\":{\"statuscode\":0,\"copyright\":{\"text\":\"\\u00A9 2022 MapQuest, Inc.\",\"imageU"]
[webmock] Identified request type (stubbed_by_vcr) for [get https://www.mapquestapi.com/geocoding/v1/address?content_type=application/json&key=0HHswCilXeUEZdmGPXrjHZAUS1AAqnUN&location=Chicago,%20IL]
[VCR::Configuration] before_playback: replacing "0HHswCilXeUEZdmGPXrjHZAUS1AAqnUN" with "DONT SHOW MY API KEY"
[VCR::Configuration] before_playback: replacing "d44448240c4583469eaacc966b2d4e1d" with "hidden key"
[Cassette: 'GeocoderFacade/#get_directions/happy path'] Not re-recording since the interval has not elapsed (previously recorded at: '2022-09-27 20:02:56 UTC'; now: '2022-09-27 15:20:36 -0500'; interval: 8640000 seconds).
[Cassette: 'GeocoderFacade/#get_directions/happy path'] Initialized with options: {:record=>:once, :record_on_error=>true, :match_requests_on=>[:method, :uri], :allow_unused_http_interactions=>true, :serialize_with=>:yaml, :persist_with=>:file_system, :persister_options=>{}, :re_record_interval=>100 days}
[webmock] Handling request: [get https://www.mapquestapi.com/directions/v2/route?content_type=application/json&from=denver,%20co&key=0HHswCilXeUEZdmGPXrjHZAUS1AAqnUN&to=chicago,%20il] (disabled: false)
  [Cassette: 'GeocoderFacade/#get_directions/happy path'] Initialized HTTPInteractionList with request matchers [:method, :uri] and 1 interaction(s): { [get https://www.mapquestapi.com/directions/v2/route?content_type=application/json&from=denver,%20co&key=0HHswCilXeUEZdmGPXrjHZAUS1AAqnUN&to=chicago,%20il] => [200 "{\"route\":{\"hasTollRoad\":true,\"hasBridge\":true,\"boundingBox\":{\"lr\":{\"lng\":-87.632"] }
  [Cassette: 'GeocoderFacade/#get_directions/happy path'] Checking if [get https://www.mapquestapi.com/directions/v2/route?content_type=application/json&from=denver,%20co&key=0HHswCilXeUEZdmGPXrjHZAUS1AAqnUN&to=chicago,%20il] matches [get https://www.mapquestapi.com/directions/v2/route?content_type=application/json&from=denver,%20co&key=0HHswCilXeUEZdmGPXrjHZAUS1AAqnUN&to=chicago,%20il] using [:method, :uri]
    [Cassette: 'GeocoderFacade/#get_directions/happy path'] method (matched): current request [get https://www.mapquestapi.com/directions/v2/route?content_type=application/json&from=denver,%20co&key=0HHswCilXeUEZdmGPXrjHZAUS1AAqnUN&to=chicago,%20il] vs [get https://www.mapquestapi.com/directions/v2/route?content_type=application/json&from=denver,%20co&key=0HHswCilXeUEZdmGPXrjHZAUS1AAqnUN&to=chicago,%20il]
    [Cassette: 'GeocoderFacade/#get_directions/happy path'] uri (matched): current request [get https://www.mapquestapi.com/directions/v2/route?content_type=application/json&from=denver,%20co&key=0HHswCilXeUEZdmGPXrjHZAUS1AAqnUN&to=chicago,%20il] vs [get https://www.mapquestapi.com/directions/v2/route?content_type=application/json&from=denver,%20co&key=0HHswCilXeUEZdmGPXrjHZAUS1AAqnUN&to=chicago,%20il]
  [Cassette: 'GeocoderFacade/#get_directions/happy path'] Found matching interaction for [get https://www.mapquestapi.com/directions/v2/route?content_type=application/json&from=denver,%20co&key=0HHswCilXeUEZdmGPXrjHZAUS1AAqnUN&to=chicago,%20il] at index 0: [200 "{\"route\":{\"hasTollRoad\":true,\"hasBridge\":true,\"boundingBox\":{\"lr\":{\"lng\":-87.632"]
[webmock] Identified request type (stubbed_by_vcr) for [get https://www.mapquestapi.com/directions/v2/route?content_type=application/json&from=denver,%20co&key=0HHswCilXeUEZdmGPXrjHZAUS1AAqnUN&to=chicago,%20il]
[VCR::Configuration] before_playback: replacing "0HHswCilXeUEZdmGPXrjHZAUS1AAqnUN" with "DONT SHOW MY API KEY"
[VCR::Configuration] before_playback: replacing "d44448240c4583469eaacc966b2d4e1d" with "hidden key"
[Cassette: 'GeocoderFacade/#get_directions/sad path'] Not re-recording since the interval has not elapsed (previously recorded at: '2022-09-27 20:02:16 UTC'; now: '2022-09-27 15:20:36 -0500'; interval: 8640000 seconds).
[Cassette: 'GeocoderFacade/#get_directions/sad path'] Initialized with options: {:record=>:once, :record_on_error=>true, :match_requests_on=>[:method, :uri], :allow_unused_http_interactions=>true, :serialize_with=>:yaml, :persist_with=>:file_system, :persister_options=>{}, :re_record_interval=>100 days}
[webmock] Handling request: [get https://www.mapquestapi.com/directions/v2/route?content_type=application/json&from=denver,%20co&key=0HHswCilXeUEZdmGPXrjHZAUS1AAqnUN&to=antartica] (disabled: false)
  [Cassette: 'GeocoderFacade/#get_directions/sad path'] Initialized HTTPInteractionList with request matchers [:method, :uri] and 1 interaction(s): { [get https://www.mapquestapi.com/directions/v2/route?content_type=application/json&from=denver,%20co&key=0HHswCilXeUEZdmGPXrjHZAUS1AAqnUN&to=antartica] => [200 "{\"route\":{\"hasTollRoad\":false,\"hasBridge\":false,\"distance\":0,\"hasTimedRestrictio"] }
  [Cassette: 'GeocoderFacade/#get_directions/sad path'] Checking if [get https://www.mapquestapi.com/directions/v2/route?content_type=application/json&from=denver,%20co&key=0HHswCilXeUEZdmGPXrjHZAUS1AAqnUN&to=antartica] matches [get https://www.mapquestapi.com/directions/v2/route?content_type=application/json&from=denver,%20co&key=0HHswCilXeUEZdmGPXrjHZAUS1AAqnUN&to=antartica] using [:method, :uri]
    [Cassette: 'GeocoderFacade/#get_directions/sad path'] method (matched): current request [get https://www.mapquestapi.com/directions/v2/route?content_type=application/json&from=denver,%20co&key=0HHswCilXeUEZdmGPXrjHZAUS1AAqnUN&to=antartica] vs [get https://www.mapquestapi.com/directions/v2/route?content_type=application/json&from=denver,%20co&key=0HHswCilXeUEZdmGPXrjHZAUS1AAqnUN&to=antartica]
    [Cassette: 'GeocoderFacade/#get_directions/sad path'] uri (matched): current request [get https://www.mapquestapi.com/directions/v2/route?content_type=application/json&from=denver,%20co&key=0HHswCilXeUEZdmGPXrjHZAUS1AAqnUN&to=antartica] vs [get https://www.mapquestapi.com/directions/v2/route?content_type=application/json&from=denver,%20co&key=0HHswCilXeUEZdmGPXrjHZAUS1AAqnUN&to=antartica]
  [Cassette: 'GeocoderFacade/#get_directions/sad path'] Found matching interaction for [get https://www.mapquestapi.com/directions/v2/route?content_type=application/json&from=denver,%20co&key=0HHswCilXeUEZdmGPXrjHZAUS1AAqnUN&to=antartica] at index 0: [200 "{\"route\":{\"hasTollRoad\":false,\"hasBridge\":false,\"distance\":0,\"hasTimedRestrictio"]
[webmock] Identified request type (stubbed_by_vcr) for [get https://www.mapquestapi.com/directions/v2/route?content_type=application/json&from=denver,%20co&key=0HHswCilXeUEZdmGPXrjHZAUS1AAqnUN&to=antartica]
[Cassette: 'WeatherFacade/weather/returns weather'] Initialized with options: {:record=>:once, :record_on_error=>true, :match_requests_on=>[:method, :uri], :allow_unused_http_interactions=>true, :serialize_with=>:yaml, :persist_with=>:file_system, :persister_options=>{}, :re_record_interval=>100 days}
[webmock] Handling request: [get https://www.mapquestapi.com/geocoding/v1/address?content_type=application/json&key=0HHswCilXeUEZdmGPXrjHZAUS1AAqnUN&location=denver,%20co] (disabled: false)
  [Cassette: 'WeatherFacade/weather/returns weather'] Initialized HTTPInteractionList with request matchers [:method, :uri] and 0 interaction(s): {  }
[webmock] Identified request type (recordable) for [get https://www.mapquestapi.com/geocoding/v1/address?content_type=application/json&key=0HHswCilXeUEZdmGPXrjHZAUS1AAqnUN&location=denver,%20co]
[Cassette: 'WeatherFacade/weather/returns weather'] Recorded HTTP interaction [get https://www.mapquestapi.com/geocoding/v1/address?content_type=application/json&key=0HHswCilXeUEZdmGPXrjHZAUS1AAqnUN&location=denver,%20co] => [200 "{\"info\":{\"statuscode\":0,\"copyright\":{\"text\":\"\\u00A9 2022 MapQuest, Inc.\",\"imageU"]
[webmock] Handling request: [get https://api.openweathermap.org/data/2.5/onecall?appid=d44448240c4583469eaacc966b2d4e1d&content_type=application/json&exclude=minutely,alerts&lat=39.738453&lon=-104.984853&units=imperial] (disabled: false)
[webmock] Identified request type (recordable) for [get https://api.openweathermap.org/data/2.5/onecall?appid=d44448240c4583469eaacc966b2d4e1d&content_type=application/json&exclude=minutely,alerts&lat=39.738453&lon=-104.984853&units=imperial]
[Cassette: 'WeatherFacade/weather/returns weather'] Recorded HTTP interaction [get https://api.openweathermap.org/data/2.5/onecall?appid=d44448240c4583469eaacc966b2d4e1d&content_type=application/json&exclude=minutely,alerts&lat=39.738453&lon=-104.984853&units=imperial] => [200 "{\"lat\":39.7385,\"lon\":-104.9849,\"timezone\":\"America/Denver\",\"timezone_offset\":-21"]
[VCR::Configuration] before_record: replacing "0HHswCilXeUEZdmGPXrjHZAUS1AAqnUN" with "DONT SHOW MY API KEY"
[VCR::Configuration] before_record: replacing "d44448240c4583469eaacc966b2d4e1d" with "hidden key"
[VCR::Configuration] before_record: replacing "0HHswCilXeUEZdmGPXrjHZAUS1AAqnUN" with "DONT SHOW MY API KEY"
[VCR::Configuration] before_record: replacing "d44448240c4583469eaacc966b2d4e1d" with "hidden key"
[Cassette: 'WeatherFacade/current weather/returns current weather'] Initialized with options: {:record=>:once, :record_on_error=>true, :match_requests_on=>[:method, :uri], :allow_unused_http_interactions=>true, :serialize_with=>:yaml, :persist_with=>:file_system, :persister_options=>{}, :re_record_interval=>100 days}
[webmock] Handling request: [get https://www.mapquestapi.com/geocoding/v1/address?content_type=application/json&key=0HHswCilXeUEZdmGPXrjHZAUS1AAqnUN&location=denver,%20co] (disabled: false)
  [Cassette: 'WeatherFacade/current weather/returns current weather'] Initialized HTTPInteractionList with request matchers [:method, :uri] and 0 interaction(s): {  }
[webmock] Identified request type (recordable) for [get https://www.mapquestapi.com/geocoding/v1/address?content_type=application/json&key=0HHswCilXeUEZdmGPXrjHZAUS1AAqnUN&location=denver,%20co]
[Cassette: 'WeatherFacade/current weather/returns current weather'] Recorded HTTP interaction [get https://www.mapquestapi.com/geocoding/v1/address?content_type=application/json&key=0HHswCilXeUEZdmGPXrjHZAUS1AAqnUN&location=denver,%20co] => [200 "{\"info\":{\"statuscode\":0,\"copyright\":{\"text\":\"\\u00A9 2022 MapQuest, Inc.\",\"imageU"]
[webmock] Handling request: [get https://api.openweathermap.org/data/2.5/onecall?appid=d44448240c4583469eaacc966b2d4e1d&content_type=application/json&exclude=minutely,alerts&lat=39.738453&lon=-104.984853&units=imperial] (disabled: false)
[webmock] Identified request type (recordable) for [get https://api.openweathermap.org/data/2.5/onecall?appid=d44448240c4583469eaacc966b2d4e1d&content_type=application/json&exclude=minutely,alerts&lat=39.738453&lon=-104.984853&units=imperial]
[Cassette: 'WeatherFacade/current weather/returns current weather'] Recorded HTTP interaction [get https://api.openweathermap.org/data/2.5/onecall?appid=d44448240c4583469eaacc966b2d4e1d&content_type=application/json&exclude=minutely,alerts&lat=39.738453&lon=-104.984853&units=imperial] => [200 "{\"lat\":39.7385,\"lon\":-104.9849,\"timezone\":\"America/Denver\",\"timezone_offset\":-21"]
[VCR::Configuration] before_record: replacing "0HHswCilXeUEZdmGPXrjHZAUS1AAqnUN" with "DONT SHOW MY API KEY"
[VCR::Configuration] before_record: replacing "d44448240c4583469eaacc966b2d4e1d" with "hidden key"
[VCR::Configuration] before_record: replacing "0HHswCilXeUEZdmGPXrjHZAUS1AAqnUN" with "DONT SHOW MY API KEY"
[VCR::Configuration] before_record: replacing "d44448240c4583469eaacc966b2d4e1d" with "hidden key"
[Cassette: 'WeatherFacade/daily weather/returns daily weather'] Initialized with options: {:record=>:once, :record_on_error=>true, :match_requests_on=>[:method, :uri], :allow_unused_http_interactions=>true, :serialize_with=>:yaml, :persist_with=>:file_system, :persister_options=>{}, :re_record_interval=>100 days}
[webmock] Handling request: [get https://www.mapquestapi.com/geocoding/v1/address?content_type=application/json&key=0HHswCilXeUEZdmGPXrjHZAUS1AAqnUN&location=denver,%20co] (disabled: false)
  [Cassette: 'WeatherFacade/daily weather/returns daily weather'] Initialized HTTPInteractionList with request matchers [:method, :uri] and 0 interaction(s): {  }
[webmock] Identified request type (recordable) for [get https://www.mapquestapi.com/geocoding/v1/address?content_type=application/json&key=0HHswCilXeUEZdmGPXrjHZAUS1AAqnUN&location=denver,%20co]
[Cassette: 'WeatherFacade/daily weather/returns daily weather'] Recorded HTTP interaction [get https://www.mapquestapi.com/geocoding/v1/address?content_type=application/json&key=0HHswCilXeUEZdmGPXrjHZAUS1AAqnUN&location=denver,%20co] => [200 "{\"info\":{\"statuscode\":0,\"copyright\":{\"text\":\"\\u00A9 2022 MapQuest, Inc.\",\"imageU"]
[webmock] Handling request: [get https://api.openweathermap.org/data/2.5/onecall?appid=d44448240c4583469eaacc966b2d4e1d&content_type=application/json&exclude=minutely,alerts&lat=39.738453&lon=-104.984853&units=imperial] (disabled: false)
[webmock] Identified request type (recordable) for [get https://api.openweathermap.org/data/2.5/onecall?appid=d44448240c4583469eaacc966b2d4e1d&content_type=application/json&exclude=minutely,alerts&lat=39.738453&lon=-104.984853&units=imperial]
[Cassette: 'WeatherFacade/daily weather/returns daily weather'] Recorded HTTP interaction [get https://api.openweathermap.org/data/2.5/onecall?appid=d44448240c4583469eaacc966b2d4e1d&content_type=application/json&exclude=minutely,alerts&lat=39.738453&lon=-104.984853&units=imperial] => [200 "{\"lat\":39.7385,\"lon\":-104.9849,\"timezone\":\"America/Denver\",\"timezone_offset\":-21"]
[VCR::Configuration] before_record: replacing "0HHswCilXeUEZdmGPXrjHZAUS1AAqnUN" with "DONT SHOW MY API KEY"
[VCR::Configuration] before_record: replacing "d44448240c4583469eaacc966b2d4e1d" with "hidden key"
[VCR::Configuration] before_record: replacing "0HHswCilXeUEZdmGPXrjHZAUS1AAqnUN" with "DONT SHOW MY API KEY"
[VCR::Configuration] before_record: replacing "d44448240c4583469eaacc966b2d4e1d" with "hidden key"
[Cassette: 'WeatherFacade/hourly weather/returns hourly weather'] Initialized with options: {:record=>:once, :record_on_error=>true, :match_requests_on=>[:method, :uri], :allow_unused_http_interactions=>true, :serialize_with=>:yaml, :persist_with=>:file_system, :persister_options=>{}, :re_record_interval=>100 days}
[webmock] Handling request: [get https://www.mapquestapi.com/geocoding/v1/address?content_type=application/json&key=0HHswCilXeUEZdmGPXrjHZAUS1AAqnUN&location=denver,%20co] (disabled: false)
  [Cassette: 'WeatherFacade/hourly weather/returns hourly weather'] Initialized HTTPInteractionList with request matchers [:method, :uri] and 0 interaction(s): {  }
[webmock] Identified request type (recordable) for [get https://www.mapquestapi.com/geocoding/v1/address?content_type=application/json&key=0HHswCilXeUEZdmGPXrjHZAUS1AAqnUN&location=denver,%20co]
[Cassette: 'WeatherFacade/hourly weather/returns hourly weather'] Recorded HTTP interaction [get https://www.mapquestapi.com/geocoding/v1/address?content_type=application/json&key=0HHswCilXeUEZdmGPXrjHZAUS1AAqnUN&location=denver,%20co] => [200 "{\"info\":{\"statuscode\":0,\"copyright\":{\"text\":\"\\u00A9 2022 MapQuest, Inc.\",\"imageU"]
[webmock] Handling request: [get https://api.openweathermap.org/data/2.5/onecall?appid=d44448240c4583469eaacc966b2d4e1d&content_type=application/json&exclude=minutely,alerts&lat=39.738453&lon=-104.984853&units=imperial] (disabled: false)
[webmock] Identified request type (recordable) for [get https://api.openweathermap.org/data/2.5/onecall?appid=d44448240c4583469eaacc966b2d4e1d&content_type=application/json&exclude=minutely,alerts&lat=39.738453&lon=-104.984853&units=imperial]
[Cassette: 'WeatherFacade/hourly weather/returns hourly weather'] Recorded HTTP interaction [get https://api.openweathermap.org/data/2.5/onecall?appid=d44448240c4583469eaacc966b2d4e1d&content_type=application/json&exclude=minutely,alerts&lat=39.738453&lon=-104.984853&units=imperial] => [200 "{\"lat\":39.7385,\"lon\":-104.9849,\"timezone\":\"America/Denver\",\"timezone_offset\":-21"]
[VCR::Configuration] before_record: replacing "0HHswCilXeUEZdmGPXrjHZAUS1AAqnUN" with "DONT SHOW MY API KEY"
[VCR::Configuration] before_record: replacing "d44448240c4583469eaacc966b2d4e1d" with "hidden key"
[VCR::Configuration] before_record: replacing "0HHswCilXeUEZdmGPXrjHZAUS1AAqnUN" with "DONT SHOW MY API KEY"
[VCR::Configuration] before_record: replacing "d44448240c4583469eaacc966b2d4e1d" with "hidden key"
[Cassette: 'BookForecast/exists with attributes'] Initialized with options: {:record=>:once, :record_on_error=>true, :match_requests_on=>[:method, :uri], :allow_unused_http_interactions=>true, :serialize_with=>:yaml, :persist_with=>:file_system, :persister_options=>{}, :re_record_interval=>100 days}
[webmock] Handling request: [get https://openlibrary.org/search.json?limit=5&q=denver,%20co] (disabled: false)
  [Cassette: 'BookForecast/exists with attributes'] Initialized HTTPInteractionList with request matchers [:method, :uri] and 0 interaction(s): {  }
[webmock] Identified request type (recordable) for [get https://openlibrary.org/search.json?limit=5&q=denver,%20co]
[Cassette: 'BookForecast/exists with attributes'] Recorded HTTP interaction [get https://openlibrary.org/search.json?limit=5&q=denver,%20co] => [200 "{\n    \"numFound\": 679,\n    \"start\": 0,\n    \"numFoundExact\": true,\n    \"docs\": [\n"]
[webmock] Handling request: [get https://www.mapquestapi.com/geocoding/v1/address?content_type=application/json&key=0HHswCilXeUEZdmGPXrjHZAUS1AAqnUN&location=denver,%20co] (disabled: false)
[webmock] Identified request type (recordable) for [get https://www.mapquestapi.com/geocoding/v1/address?content_type=application/json&key=0HHswCilXeUEZdmGPXrjHZAUS1AAqnUN&location=denver,%20co]
[Cassette: 'BookForecast/exists with attributes'] Recorded HTTP interaction [get https://www.mapquestapi.com/geocoding/v1/address?content_type=application/json&key=0HHswCilXeUEZdmGPXrjHZAUS1AAqnUN&location=denver,%20co] => [200 "{\"info\":{\"statuscode\":0,\"copyright\":{\"text\":\"\\u00A9 2022 MapQuest, Inc.\",\"imageU"]
[webmock] Handling request: [get https://api.openweathermap.org/data/2.5/onecall?appid=d44448240c4583469eaacc966b2d4e1d&content_type=application/json&exclude=minutely,alerts&lat=39.738453&lon=-104.984853&units=imperial] (disabled: false)
[webmock] Identified request type (recordable) for [get https://api.openweathermap.org/data/2.5/onecall?appid=d44448240c4583469eaacc966b2d4e1d&content_type=application/json&exclude=minutely,alerts&lat=39.738453&lon=-104.984853&units=imperial]
[Cassette: 'BookForecast/exists with attributes'] Recorded HTTP interaction [get https://api.openweathermap.org/data/2.5/onecall?appid=d44448240c4583469eaacc966b2d4e1d&content_type=application/json&exclude=minutely,alerts&lat=39.738453&lon=-104.984853&units=imperial] => [200 "{\"lat\":39.7385,\"lon\":-104.9849,\"timezone\":\"America/Denver\",\"timezone_offset\":-21"]
[VCR::Configuration] before_record: replacing "0HHswCilXeUEZdmGPXrjHZAUS1AAqnUN" with "DONT SHOW MY API KEY"
[VCR::Configuration] before_record: replacing "d44448240c4583469eaacc966b2d4e1d" with "hidden key"
[VCR::Configuration] before_record: replacing "0HHswCilXeUEZdmGPXrjHZAUS1AAqnUN" with "DONT SHOW MY API KEY"
[VCR::Configuration] before_record: replacing "d44448240c4583469eaacc966b2d4e1d" with "hidden key"
[VCR::Configuration] before_record: replacing "0HHswCilXeUEZdmGPXrjHZAUS1AAqnUN" with "DONT SHOW MY API KEY"
[VCR::Configuration] before_record: replacing "d44448240c4583469eaacc966b2d4e1d" with "hidden key"
[Cassette: 'CurrentWeather/exists and has attributes'] Initialized with options: {:record=>:once, :record_on_error=>true, :match_requests_on=>[:method, :uri], :allow_unused_http_interactions=>true, :serialize_with=>:yaml, :persist_with=>:file_system, :persister_options=>{}, :re_record_interval=>100 days}
[webmock] Handling request: [get https://www.mapquestapi.com/geocoding/v1/address?content_type=application/json&key=0HHswCilXeUEZdmGPXrjHZAUS1AAqnUN&location=denver,%20co] (disabled: false)
  [Cassette: 'CurrentWeather/exists and has attributes'] Initialized HTTPInteractionList with request matchers [:method, :uri] and 0 interaction(s): {  }
[webmock] Identified request type (recordable) for [get https://www.mapquestapi.com/geocoding/v1/address?content_type=application/json&key=0HHswCilXeUEZdmGPXrjHZAUS1AAqnUN&location=denver,%20co]
[Cassette: 'CurrentWeather/exists and has attributes'] Recorded HTTP interaction [get https://www.mapquestapi.com/geocoding/v1/address?content_type=application/json&key=0HHswCilXeUEZdmGPXrjHZAUS1AAqnUN&location=denver,%20co] => [200 "{\"info\":{\"statuscode\":0,\"copyright\":{\"text\":\"\\u00A9 2022 MapQuest, Inc.\",\"imageU"]
[webmock] Handling request: [get https://api.openweathermap.org/data/2.5/onecall?appid=d44448240c4583469eaacc966b2d4e1d&content_type=application/json&exclude=minutely,alerts&lat=39.738453&lon=-104.984853&units=imperial] (disabled: false)
[webmock] Identified request type (recordable) for [get https://api.openweathermap.org/data/2.5/onecall?appid=d44448240c4583469eaacc966b2d4e1d&content_type=application/json&exclude=minutely,alerts&lat=39.738453&lon=-104.984853&units=imperial]
[Cassette: 'CurrentWeather/exists and has attributes'] Recorded HTTP interaction [get https://api.openweathermap.org/data/2.5/onecall?appid=d44448240c4583469eaacc966b2d4e1d&content_type=application/json&exclude=minutely,alerts&lat=39.738453&lon=-104.984853&units=imperial] => [200 "{\"lat\":39.7385,\"lon\":-104.9849,\"timezone\":\"America/Denver\",\"timezone_offset\":-21"]
[VCR::Configuration] before_record: replacing "0HHswCilXeUEZdmGPXrjHZAUS1AAqnUN" with "DONT SHOW MY API KEY"
[VCR::Configuration] before_record: replacing "d44448240c4583469eaacc966b2d4e1d" with "hidden key"
[VCR::Configuration] before_record: replacing "0HHswCilXeUEZdmGPXrjHZAUS1AAqnUN" with "DONT SHOW MY API KEY"
[VCR::Configuration] before_record: replacing "d44448240c4583469eaacc966b2d4e1d" with "hidden key"
[Cassette: 'DailyWeather/daily weather/exists with attributes'] Initialized with options: {:record=>:once, :record_on_error=>true, :match_requests_on=>[:method, :uri], :allow_unused_http_interactions=>true, :serialize_with=>:yaml, :persist_with=>:file_system, :persister_options=>{}, :re_record_interval=>100 days}
[webmock] Handling request: [get https://www.mapquestapi.com/geocoding/v1/address?content_type=application/json&key=0HHswCilXeUEZdmGPXrjHZAUS1AAqnUN&location=denver,%20co] (disabled: false)
  [Cassette: 'DailyWeather/daily weather/exists with attributes'] Initialized HTTPInteractionList with request matchers [:method, :uri] and 0 interaction(s): {  }
[webmock] Identified request type (recordable) for [get https://www.mapquestapi.com/geocoding/v1/address?content_type=application/json&key=0HHswCilXeUEZdmGPXrjHZAUS1AAqnUN&location=denver,%20co]
[Cassette: 'DailyWeather/daily weather/exists with attributes'] Recorded HTTP interaction [get https://www.mapquestapi.com/geocoding/v1/address?content_type=application/json&key=0HHswCilXeUEZdmGPXrjHZAUS1AAqnUN&location=denver,%20co] => [200 "{\"info\":{\"statuscode\":0,\"copyright\":{\"text\":\"\\u00A9 2022 MapQuest, Inc.\",\"imageU"]
[webmock] Handling request: [get https://api.openweathermap.org/data/2.5/onecall?appid=d44448240c4583469eaacc966b2d4e1d&content_type=application/json&exclude=minutely,alerts&lat=39.738453&lon=-104.984853&units=imperial] (disabled: false)
[webmock] Identified request type (recordable) for [get https://api.openweathermap.org/data/2.5/onecall?appid=d44448240c4583469eaacc966b2d4e1d&content_type=application/json&exclude=minutely,alerts&lat=39.738453&lon=-104.984853&units=imperial]
[Cassette: 'DailyWeather/daily weather/exists with attributes'] Recorded HTTP interaction [get https://api.openweathermap.org/data/2.5/onecall?appid=d44448240c4583469eaacc966b2d4e1d&content_type=application/json&exclude=minutely,alerts&lat=39.738453&lon=-104.984853&units=imperial] => [200 "{\"lat\":39.7385,\"lon\":-104.9849,\"timezone\":\"America/Denver\",\"timezone_offset\":-21"]
[VCR::Configuration] before_record: replacing "0HHswCilXeUEZdmGPXrjHZAUS1AAqnUN" with "DONT SHOW MY API KEY"
[VCR::Configuration] before_record: replacing "d44448240c4583469eaacc966b2d4e1d" with "hidden key"
[VCR::Configuration] before_record: replacing "0HHswCilXeUEZdmGPXrjHZAUS1AAqnUN" with "DONT SHOW MY API KEY"
[VCR::Configuration] before_record: replacing "d44448240c4583469eaacc966b2d4e1d" with "hidden key"
[Cassette: 'Geocoder/exists and has attributes'] Initialized with options: {:record=>:once, :record_on_error=>true, :match_requests_on=>[:method, :uri], :allow_unused_http_interactions=>true, :serialize_with=>:yaml, :persist_with=>:file_system, :persister_options=>{}, :re_record_interval=>100 days}
[webmock] Handling request: [get https://www.mapquestapi.com/geocoding/v1/address?content_type=application/json&key=0HHswCilXeUEZdmGPXrjHZAUS1AAqnUN&location=Chicago,%20IL] (disabled: false)
  [Cassette: 'Geocoder/exists and has attributes'] Initialized HTTPInteractionList with request matchers [:method, :uri] and 0 interaction(s): {  }
[webmock] Identified request type (recordable) for [get https://www.mapquestapi.com/geocoding/v1/address?content_type=application/json&key=0HHswCilXeUEZdmGPXrjHZAUS1AAqnUN&location=Chicago,%20IL]
[Cassette: 'Geocoder/exists and has attributes'] Recorded HTTP interaction [get https://www.mapquestapi.com/geocoding/v1/address?content_type=application/json&key=0HHswCilXeUEZdmGPXrjHZAUS1AAqnUN&location=Chicago,%20IL] => [200 "{\"info\":{\"statuscode\":0,\"copyright\":{\"text\":\"\\u00A9 2022 MapQuest, Inc.\",\"imageU"]
[VCR::Configuration] before_record: replacing "0HHswCilXeUEZdmGPXrjHZAUS1AAqnUN" with "DONT SHOW MY API KEY"
[VCR::Configuration] before_record: replacing "d44448240c4583469eaacc966b2d4e1d" with "hidden key"
[Cassette: 'HourlyWeather/hourly weather/exists with attributes'] Initialized with options: {:record=>:once, :record_on_error=>true, :match_requests_on=>[:method, :uri], :allow_unused_http_interactions=>true, :serialize_with=>:yaml, :persist_with=>:file_system, :persister_options=>{}, :re_record_interval=>100 days}
[webmock] Handling request: [get https://www.mapquestapi.com/geocoding/v1/address?content_type=application/json&key=0HHswCilXeUEZdmGPXrjHZAUS1AAqnUN&location=denver,%20co] (disabled: false)
  [Cassette: 'HourlyWeather/hourly weather/exists with attributes'] Initialized HTTPInteractionList with request matchers [:method, :uri] and 0 interaction(s): {  }
[webmock] Identified request type (recordable) for [get https://www.mapquestapi.com/geocoding/v1/address?content_type=application/json&key=0HHswCilXeUEZdmGPXrjHZAUS1AAqnUN&location=denver,%20co]
[Cassette: 'HourlyWeather/hourly weather/exists with attributes'] Recorded HTTP interaction [get https://www.mapquestapi.com/geocoding/v1/address?content_type=application/json&key=0HHswCilXeUEZdmGPXrjHZAUS1AAqnUN&location=denver,%20co] => [200 "{\"info\":{\"statuscode\":0,\"copyright\":{\"text\":\"\\u00A9 2022 MapQuest, Inc.\",\"imageU"]
[webmock] Handling request: [get https://api.openweathermap.org/data/2.5/onecall?appid=d44448240c4583469eaacc966b2d4e1d&content_type=application/json&exclude=minutely,alerts&lat=39.738453&lon=-104.984853&units=imperial] (disabled: false)
[webmock] Identified request type (recordable) for [get https://api.openweathermap.org/data/2.5/onecall?appid=d44448240c4583469eaacc966b2d4e1d&content_type=application/json&exclude=minutely,alerts&lat=39.738453&lon=-104.984853&units=imperial]
[Cassette: 'HourlyWeather/hourly weather/exists with attributes'] Recorded HTTP interaction [get https://api.openweathermap.org/data/2.5/onecall?appid=d44448240c4583469eaacc966b2d4e1d&content_type=application/json&exclude=minutely,alerts&lat=39.738453&lon=-104.984853&units=imperial] => [200 "{\"lat\":39.7385,\"lon\":-104.9849,\"timezone\":\"America/Denver\",\"timezone_offset\":-21"]
[VCR::Configuration] before_record: replacing "0HHswCilXeUEZdmGPXrjHZAUS1AAqnUN" with "DONT SHOW MY API KEY"
[VCR::Configuration] before_record: replacing "d44448240c4583469eaacc966b2d4e1d" with "hidden key"
[VCR::Configuration] before_record: replacing "0HHswCilXeUEZdmGPXrjHZAUS1AAqnUN" with "DONT SHOW MY API KEY"
[VCR::Configuration] before_record: replacing "d44448240c4583469eaacc966b2d4e1d" with "hidden key"
[Cassette: 'RoadTrip/exists with attributes'] Initialized with options: {:record=>:once, :record_on_error=>true, :match_requests_on=>[:method, :uri], :allow_unused_http_interactions=>true, :serialize_with=>:yaml, :persist_with=>:file_system, :persister_options=>{}, :re_record_interval=>100 days}
[Cassette: 'Weather/exists'] Initialized with options: {:record=>:once, :record_on_error=>true, :match_requests_on=>[:method, :uri], :allow_unused_http_interactions=>true, :serialize_with=>:yaml, :persist_with=>:file_system, :persister_options=>{}, :re_record_interval=>100 days}
[webmock] Handling request: [get https://www.mapquestapi.com/geocoding/v1/address?content_type=application/json&key=0HHswCilXeUEZdmGPXrjHZAUS1AAqnUN&location=Chicago,%20IL] (disabled: false)
  [Cassette: 'Weather/exists'] Initialized HTTPInteractionList with request matchers [:method, :uri] and 0 interaction(s): {  }
[webmock] Identified request type (recordable) for [get https://www.mapquestapi.com/geocoding/v1/address?content_type=application/json&key=0HHswCilXeUEZdmGPXrjHZAUS1AAqnUN&location=Chicago,%20IL]
[Cassette: 'Weather/exists'] Recorded HTTP interaction [get https://www.mapquestapi.com/geocoding/v1/address?content_type=application/json&key=0HHswCilXeUEZdmGPXrjHZAUS1AAqnUN&location=Chicago,%20IL] => [200 "{\"info\":{\"statuscode\":0,\"copyright\":{\"text\":\"\\u00A9 2022 MapQuest, Inc.\",\"imageU"]
[webmock] Handling request: [get https://api.openweathermap.org/data/2.5/onecall?appid=d44448240c4583469eaacc966b2d4e1d&content_type=application/json&exclude=minutely,alerts&lat=41.883229&lon=-87.632398&units=imperial] (disabled: false)
[webmock] Identified request type (recordable) for [get https://api.openweathermap.org/data/2.5/onecall?appid=d44448240c4583469eaacc966b2d4e1d&content_type=application/json&exclude=minutely,alerts&lat=41.883229&lon=-87.632398&units=imperial]
[Cassette: 'Weather/exists'] Recorded HTTP interaction [get https://api.openweathermap.org/data/2.5/onecall?appid=d44448240c4583469eaacc966b2d4e1d&content_type=application/json&exclude=minutely,alerts&lat=41.883229&lon=-87.632398&units=imperial] => [200 "{\"lat\":41.8832,\"lon\":-87.6324,\"timezone\":\"America/Chicago\",\"timezone_offset\":-18"]
[VCR::Configuration] before_record: replacing "0HHswCilXeUEZdmGPXrjHZAUS1AAqnUN" with "DONT SHOW MY API KEY"
[VCR::Configuration] before_record: replacing "d44448240c4583469eaacc966b2d4e1d" with "hidden key"
[VCR::Configuration] before_record: replacing "0HHswCilXeUEZdmGPXrjHZAUS1AAqnUN" with "DONT SHOW MY API KEY"
[VCR::Configuration] before_record: replacing "d44448240c4583469eaacc966b2d4e1d" with "hidden key"
[Cassette: 'Book request by city/gives books by search'] Initialized with options: {:record=>:once, :record_on_error=>true, :match_requests_on=>[:method, :uri], :allow_unused_http_interactions=>true, :serialize_with=>:yaml, :persist_with=>:file_system, :persister_options=>{}, :re_record_interval=>100 days}
[webmock] Handling request: [get https://openlibrary.org/search.json?limit=5&q=denver,co] (disabled: false)
  [Cassette: 'Book request by city/gives books by search'] Initialized HTTPInteractionList with request matchers [:method, :uri] and 0 interaction(s): {  }
[webmock] Identified request type (recordable) for [get https://openlibrary.org/search.json?limit=5&q=denver,co]
[Cassette: 'Book request by city/gives books by search'] Recorded HTTP interaction [get https://openlibrary.org/search.json?limit=5&q=denver,co] => [200 "{\n    \"numFound\": 47111,\n    \"start\": 0,\n    \"numFoundExact\": true,\n    \"docs\": "]
[webmock] Handling request: [get https://www.mapquestapi.com/geocoding/v1/address?content_type=application/json&key=0HHswCilXeUEZdmGPXrjHZAUS1AAqnUN&location=denver,co] (disabled: false)
[webmock] Identified request type (recordable) for [get https://www.mapquestapi.com/geocoding/v1/address?content_type=application/json&key=0HHswCilXeUEZdmGPXrjHZAUS1AAqnUN&location=denver,co]
[Cassette: 'Book request by city/gives books by search'] Recorded HTTP interaction [get https://www.mapquestapi.com/geocoding/v1/address?content_type=application/json&key=0HHswCilXeUEZdmGPXrjHZAUS1AAqnUN&location=denver,co] => [200 "{\"info\":{\"statuscode\":0,\"copyright\":{\"text\":\"\\u00A9 2022 MapQuest, Inc.\",\"imageU"]
[webmock] Handling request: [get https://api.openweathermap.org/data/2.5/onecall?appid=d44448240c4583469eaacc966b2d4e1d&content_type=application/json&exclude=minutely,alerts&lat=39.738453&lon=-104.984853&units=imperial] (disabled: false)
[webmock] Identified request type (recordable) for [get https://api.openweathermap.org/data/2.5/onecall?appid=d44448240c4583469eaacc966b2d4e1d&content_type=application/json&exclude=minutely,alerts&lat=39.738453&lon=-104.984853&units=imperial]
[Cassette: 'Book request by city/gives books by search'] Recorded HTTP interaction [get https://api.openweathermap.org/data/2.5/onecall?appid=d44448240c4583469eaacc966b2d4e1d&content_type=application/json&exclude=minutely,alerts&lat=39.738453&lon=-104.984853&units=imperial] => [200 "{\"lat\":39.7385,\"lon\":-104.9849,\"timezone\":\"America/Denver\",\"timezone_offset\":-21"]
[VCR::Configuration] before_record: replacing "0HHswCilXeUEZdmGPXrjHZAUS1AAqnUN" with "DONT SHOW MY API KEY"
[VCR::Configuration] before_record: replacing "d44448240c4583469eaacc966b2d4e1d" with "hidden key"
[VCR::Configuration] before_record: replacing "0HHswCilXeUEZdmGPXrjHZAUS1AAqnUN" with "DONT SHOW MY API KEY"
[VCR::Configuration] before_record: replacing "d44448240c4583469eaacc966b2d4e1d" with "hidden key"
[VCR::Configuration] before_record: replacing "0HHswCilXeUEZdmGPXrjHZAUS1AAqnUN" with "DONT SHOW MY API KEY"
[VCR::Configuration] before_record: replacing "d44448240c4583469eaacc966b2d4e1d" with "hidden key"
[Cassette: 'Forecast API/forecast by location'] Initialized with options: {:record=>:once, :record_on_error=>true, :match_requests_on=>[:method, :uri], :allow_unused_http_interactions=>true, :serialize_with=>:yaml, :persist_with=>:file_system, :persister_options=>{}, :re_record_interval=>100 days}
[webmock] Handling request: [get https://www.mapquestapi.com/geocoding/v1/address?content_type=application/json&key=0HHswCilXeUEZdmGPXrjHZAUS1AAqnUN&location=denver,%20co] (disabled: false)
  [Cassette: 'Forecast API/forecast by location'] Initialized HTTPInteractionList with request matchers [:method, :uri] and 0 interaction(s): {  }
[webmock] Identified request type (recordable) for [get https://www.mapquestapi.com/geocoding/v1/address?content_type=application/json&key=0HHswCilXeUEZdmGPXrjHZAUS1AAqnUN&location=denver,%20co]
[Cassette: 'Forecast API/forecast by location'] Recorded HTTP interaction [get https://www.mapquestapi.com/geocoding/v1/address?content_type=application/json&key=0HHswCilXeUEZdmGPXrjHZAUS1AAqnUN&location=denver,%20co] => [200 "{\"info\":{\"statuscode\":0,\"copyright\":{\"text\":\"\\u00A9 2022 MapQuest, Inc.\",\"imageU"]
[webmock] Handling request: [get https://api.openweathermap.org/data/2.5/onecall?appid=d44448240c4583469eaacc966b2d4e1d&content_type=application/json&exclude=minutely,alerts&lat=39.738453&lon=-104.984853&units=imperial] (disabled: false)
[webmock] Identified request type (recordable) for [get https://api.openweathermap.org/data/2.5/onecall?appid=d44448240c4583469eaacc966b2d4e1d&content_type=application/json&exclude=minutely,alerts&lat=39.738453&lon=-104.984853&units=imperial]
[Cassette: 'Forecast API/forecast by location'] Recorded HTTP interaction [get https://api.openweathermap.org/data/2.5/onecall?appid=d44448240c4583469eaacc966b2d4e1d&content_type=application/json&exclude=minutely,alerts&lat=39.738453&lon=-104.984853&units=imperial] => [200 "{\"lat\":39.7385,\"lon\":-104.9849,\"timezone\":\"America/Denver\",\"timezone_offset\":-21"]
[VCR::Configuration] before_record: replacing "0HHswCilXeUEZdmGPXrjHZAUS1AAqnUN" with "DONT SHOW MY API KEY"
[VCR::Configuration] before_record: replacing "d44448240c4583469eaacc966b2d4e1d" with "hidden key"
[VCR::Configuration] before_record: replacing "0HHswCilXeUEZdmGPXrjHZAUS1AAqnUN" with "DONT SHOW MY API KEY"
[VCR::Configuration] before_record: replacing "d44448240c4583469eaacc966b2d4e1d" with "hidden key"
[Cassette: 'Sessions/creates a session'] Initialized with options: {:record=>:once, :record_on_error=>true, :match_requests_on=>[:method, :uri], :allow_unused_http_interactions=>true, :serialize_with=>:yaml, :persist_with=>:file_system, :persister_options=>{}, :re_record_interval=>100 days}
[Cassette: 'Sessions/sad path for sessions'] Initialized with options: {:record=>:once, :record_on_error=>true, :match_requests_on=>[:method, :uri], :allow_unused_http_interactions=>true, :serialize_with=>:yaml, :persist_with=>:file_system, :persister_options=>{}, :re_record_interval=>100 days}
[Cassette: 'User API endpoint/can create a user'] Initialized with options: {:record=>:once, :record_on_error=>true, :match_requests_on=>[:method, :uri], :allow_unused_http_interactions=>true, :serialize_with=>:yaml, :persist_with=>:file_system, :persister_options=>{}, :re_record_interval=>100 days}
[Cassette: 'User API endpoint/has sad path for creating user'] Initialized with options: {:record=>:once, :record_on_error=>true, :match_requests_on=>[:method, :uri], :allow_unused_http_interactions=>true, :serialize_with=>:yaml, :persist_with=>:file_system, :persister_options=>{}, :re_record_interval=>100 days}
[Cassette: 'bookservice'] Initialized with options: {:record=>:once, :record_on_error=>true, :match_requests_on=>[:method, :uri], :allow_unused_http_interactions=>true, :serialize_with=>:yaml, :persist_with=>:file_system, :persister_options=>{}, :re_record_interval=>100 days}
[webmock] Handling request: [get https://openlibrary.org/search.json?limit=5&q=chicago] (disabled: false)
  [Cassette: 'bookservice'] Initialized HTTPInteractionList with request matchers [:method, :uri] and 0 interaction(s): {  }
[webmock] Identified request type (recordable) for [get https://openlibrary.org/search.json?limit=5&q=chicago]
[Cassette: 'bookservice'] Recorded HTTP interaction [get https://openlibrary.org/search.json?limit=5&q=chicago] => [200 "{\n    \"numFound\": 67049,\n    \"start\": 0,\n    \"numFoundExact\": true,\n    \"docs\": "]
[VCR::Configuration] before_record: replacing "0HHswCilXeUEZdmGPXrjHZAUS1AAqnUN" with "DONT SHOW MY API KEY"
[VCR::Configuration] before_record: replacing "d44448240c4583469eaacc966b2d4e1d" with "hidden key"
[VCR::Configuration] before_playback: replacing "0HHswCilXeUEZdmGPXrjHZAUS1AAqnUN" with "DONT SHOW MY API KEY"
[VCR::Configuration] before_playback: replacing "d44448240c4583469eaacc966b2d4e1d" with "hidden key"
[Cassette: 'geocoderservice'] Not re-recording since the interval has not elapsed (previously recorded at: '2022-09-27 19:26:29 UTC'; now: '2022-09-27 15:20:47 -0500'; interval: 8640000 seconds).
[Cassette: 'geocoderservice'] Initialized with options: {:record=>:once, :record_on_error=>true, :match_requests_on=>[:method, :uri], :allow_unused_http_interactions=>true, :serialize_with=>:yaml, :persist_with=>:file_system, :persister_options=>{}, :re_record_interval=>100 days}
[webmock] Handling request: [get https://www.mapquestapi.com/geocoding/v1/address?content_type=application/json&key=0HHswCilXeUEZdmGPXrjHZAUS1AAqnUN&location=denver,%20co] (disabled: false)
  [Cassette: 'geocoderservice'] Initialized HTTPInteractionList with request matchers [:method, :uri] and 1 interaction(s): { [get https://www.mapquestapi.com/geocoding/v1/address?content_type=application/json&key=0HHswCilXeUEZdmGPXrjHZAUS1AAqnUN&location=denver,%20co] => [200 "{\"info\":{\"statuscode\":0,\"copyright\":{\"text\":\"\\u00A9 2022 MapQuest, Inc.\",\"imageU"] }
  [Cassette: 'geocoderservice'] Checking if [get https://www.mapquestapi.com/geocoding/v1/address?content_type=application/json&key=0HHswCilXeUEZdmGPXrjHZAUS1AAqnUN&location=denver,%20co] matches [get https://www.mapquestapi.com/geocoding/v1/address?content_type=application/json&key=0HHswCilXeUEZdmGPXrjHZAUS1AAqnUN&location=denver,%20co] using [:method, :uri]
    [Cassette: 'geocoderservice'] method (matched): current request [get https://www.mapquestapi.com/geocoding/v1/address?content_type=application/json&key=0HHswCilXeUEZdmGPXrjHZAUS1AAqnUN&location=denver,%20co] vs [get https://www.mapquestapi.com/geocoding/v1/address?content_type=application/json&key=0HHswCilXeUEZdmGPXrjHZAUS1AAqnUN&location=denver,%20co]
    [Cassette: 'geocoderservice'] uri (matched): current request [get https://www.mapquestapi.com/geocoding/v1/address?content_type=application/json&key=0HHswCilXeUEZdmGPXrjHZAUS1AAqnUN&location=denver,%20co] vs [get https://www.mapquestapi.com/geocoding/v1/address?content_type=application/json&key=0HHswCilXeUEZdmGPXrjHZAUS1AAqnUN&location=denver,%20co]
  [Cassette: 'geocoderservice'] Found matching interaction for [get https://www.mapquestapi.com/geocoding/v1/address?content_type=application/json&key=0HHswCilXeUEZdmGPXrjHZAUS1AAqnUN&location=denver,%20co] at index 0: [200 "{\"info\":{\"statuscode\":0,\"copyright\":{\"text\":\"\\u00A9 2022 MapQuest, Inc.\",\"imageU"]
[webmock] Identified request type (stubbed_by_vcr) for [get https://www.mapquestapi.com/geocoding/v1/address?content_type=application/json&key=0HHswCilXeUEZdmGPXrjHZAUS1AAqnUN&location=denver,%20co]
[VCR::Configuration] before_playback: replacing "0HHswCilXeUEZdmGPXrjHZAUS1AAqnUN" with "DONT SHOW MY API KEY"
[VCR::Configuration] before_playback: replacing "d44448240c4583469eaacc966b2d4e1d" with "hidden key"
[Cassette: 'GeocoderService/gives directions from mapquest api'] Not re-recording since the interval has not elapsed (previously recorded at: '2022-09-27 19:26:29 UTC'; now: '2022-09-27 15:20:47 -0500'; interval: 8640000 seconds).
[Cassette: 'GeocoderService/gives directions from mapquest api'] Initialized with options: {:record=>:once, :record_on_error=>true, :match_requests_on=>[:method, :uri], :allow_unused_http_interactions=>true, :serialize_with=>:yaml, :persist_with=>:file_system, :persister_options=>{}, :re_record_interval=>100 days}
[webmock] Handling request: [get https://www.mapquestapi.com/directions/v2/route?content_type=application/json&from=denver,%20co&key=0HHswCilXeUEZdmGPXrjHZAUS1AAqnUN&to=chicago,%20il] (disabled: false)
  [Cassette: 'GeocoderService/gives directions from mapquest api'] Initialized HTTPInteractionList with request matchers [:method, :uri] and 1 interaction(s): { [get https://www.mapquestapi.com/directions/v2/route?content_type=application/json&from=denver,%20co&key=0HHswCilXeUEZdmGPXrjHZAUS1AAqnUN&to=chicago,%20il] => [200 "{\"route\":{\"hasTollRoad\":true,\"hasBridge\":true,\"boundingBox\":{\"lr\":{\"lng\":-87.632"] }
  [Cassette: 'GeocoderService/gives directions from mapquest api'] Checking if [get https://www.mapquestapi.com/directions/v2/route?content_type=application/json&from=denver,%20co&key=0HHswCilXeUEZdmGPXrjHZAUS1AAqnUN&to=chicago,%20il] matches [get https://www.mapquestapi.com/directions/v2/route?content_type=application/json&from=denver,%20co&key=0HHswCilXeUEZdmGPXrjHZAUS1AAqnUN&to=chicago,%20il] using [:method, :uri]
    [Cassette: 'GeocoderService/gives directions from mapquest api'] method (matched): current request [get https://www.mapquestapi.com/directions/v2/route?content_type=application/json&from=denver,%20co&key=0HHswCilXeUEZdmGPXrjHZAUS1AAqnUN&to=chicago,%20il] vs [get https://www.mapquestapi.com/directions/v2/route?content_type=application/json&from=denver,%20co&key=0HHswCilXeUEZdmGPXrjHZAUS1AAqnUN&to=chicago,%20il]
    [Cassette: 'GeocoderService/gives directions from mapquest api'] uri (matched): current request [get https://www.mapquestapi.com/directions/v2/route?content_type=application/json&from=denver,%20co&key=0HHswCilXeUEZdmGPXrjHZAUS1AAqnUN&to=chicago,%20il] vs [get https://www.mapquestapi.com/directions/v2/route?content_type=application/json&from=denver,%20co&key=0HHswCilXeUEZdmGPXrjHZAUS1AAqnUN&to=chicago,%20il]
  [Cassette: 'GeocoderService/gives directions from mapquest api'] Found matching interaction for [get https://www.mapquestapi.com/directions/v2/route?content_type=application/json&from=denver,%20co&key=0HHswCilXeUEZdmGPXrjHZAUS1AAqnUN&to=chicago,%20il] at index 0: [200 "{\"route\":{\"hasTollRoad\":true,\"hasBridge\":true,\"boundingBox\":{\"lr\":{\"lng\":-87.632"]
[webmock] Identified request type (stubbed_by_vcr) for [get https://www.mapquestapi.com/directions/v2/route?content_type=application/json&from=denver,%20co&key=0HHswCilXeUEZdmGPXrjHZAUS1AAqnUN&to=chicago,%20il]
[Cassette: 'weatherservice'] Initialized with options: {:record=>:once, :record_on_error=>true, :match_requests_on=>[:method, :uri], :allow_unused_http_interactions=>true, :serialize_with=>:yaml, :persist_with=>:file_system, :persister_options=>{}, :re_record_interval=>100 days}
[webmock] Handling request: [get https://www.mapquestapi.com/geocoding/v1/address?content_type=application/json&key=0HHswCilXeUEZdmGPXrjHZAUS1AAqnUN&location=denver,%20co] (disabled: false)
  [Cassette: 'weatherservice'] Initialized HTTPInteractionList with request matchers [:method, :uri] and 0 interaction(s): {  }
[webmock] Identified request type (recordable) for [get https://www.mapquestapi.com/geocoding/v1/address?content_type=application/json&key=0HHswCilXeUEZdmGPXrjHZAUS1AAqnUN&location=denver,%20co]
[Cassette: 'weatherservice'] Recorded HTTP interaction [get https://www.mapquestapi.com/geocoding/v1/address?content_type=application/json&key=0HHswCilXeUEZdmGPXrjHZAUS1AAqnUN&location=denver,%20co] => [200 "{\"info\":{\"statuscode\":0,\"copyright\":{\"text\":\"\\u00A9 2022 MapQuest, Inc.\",\"imageU"]
[webmock] Handling request: [get https://api.openweathermap.org/data/2.5/onecall?appid=d44448240c4583469eaacc966b2d4e1d&content_type=application/json&exclude=minutely,alerts&lat=39.738453&lon=-104.984853&units=imperial] (disabled: false)
[webmock] Identified request type (recordable) for [get https://api.openweathermap.org/data/2.5/onecall?appid=d44448240c4583469eaacc966b2d4e1d&content_type=application/json&exclude=minutely,alerts&lat=39.738453&lon=-104.984853&units=imperial]
[Cassette: 'weatherservice'] Recorded HTTP interaction [get https://api.openweathermap.org/data/2.5/onecall?appid=d44448240c4583469eaacc966b2d4e1d&content_type=application/json&exclude=minutely,alerts&lat=39.738453&lon=-104.984853&units=imperial] => [200 "{\"lat\":39.7385,\"lon\":-104.9849,\"timezone\":\"America/Denver\",\"timezone_offset\":-21"]
[VCR::Configuration] before_record: replacing "0HHswCilXeUEZdmGPXrjHZAUS1AAqnUN" with "DONT SHOW MY API KEY"
[VCR::Configuration] before_record: replacing "d44448240c4583469eaacc966b2d4e1d" with "hidden key"
[VCR::Configuration] before_record: replacing "0HHswCilXeUEZdmGPXrjHZAUS1AAqnUN" with "DONT SHOW MY API KEY"
[VCR::Configuration] before_record: replacing "d44448240c4583469eaacc966b2d4e1d" with "hidden key"
